Info: Starting: Create block symbol file (.bsf)
Info: qsys-generate C:\InformationProcessingLabs\lab2\Lab2\Lab2.qsys --block-symbol-file --output-directory=C:\InformationProcessingLabs\lab2\Lab2 --family="MAX 10" --part=10M50DAF484C7G
Progress: Loading Lab2/Lab2.qsys
Progress: Reading input file
Progress: Adding button [altera_avalon_pio 18.1]
Progress: Parameterizing module button
Progress: Adding clk [clock_source 18.1]
Progress: Parameterizing module clk
Progress: Adding cpu [altera_nios2_gen2 18.1]
Progress: Parameterizing module cpu
Progress: Adding hex0 [altera_avalon_pio 18.1]
Progress: Parameterizing module hex0
Progress: Adding hex_1 [altera_avalon_pio 18.1]
Progress: Parameterizing module hex_1
Progress: Adding hex_2 [altera_avalon_pio 18.1]
Progress: Parameterizing module hex_2
Progress: Adding hex_3 [altera_avalon_pio 18.1]
Progress: Parameterizing module hex_3
Progress: Adding hex_4 [altera_avalon_pio 18.1]
Progress: Parameterizing module hex_4
Progress: Adding hex_5 [altera_avalon_pio 18.1]
Progress: Parameterizing module hex_5
Progress: Adding jtag_uart [altera_avalon_jtag_uart 18.1]
Progress: Parameterizing module jtag_uart
Progress: Adding led [altera_avalon_pio 18.1]
Progress: Parameterizing module led
Progress: Adding onchip_memory [altera_avalon_onchip_memory2 18.1]
Progress: Parameterizing module onchip_memory
Progress: Adding switch [altera_avalon_pio 18.1]
Progress: Parameterizing module switch
Progress: Adding sysid_qsys_0 [altera_avalon_sysid_qsys 18.1]
Progress: Parameterizing module sysid_qsys_0
Progress: Building connections
Progress: Parameterizing connections
Progress: Validating
Progress: Done reading input file
Info: Lab2.button: PIO inputs are not hardwired in test bench. Undefined values will be read from PIO inputs during simulation.
Info: Lab2.jtag_uart: JTAG UART IP input clock need to be at least double (2x) the operating frequency of JTAG TCK on board
Info: Lab2.switch: PIO inputs are not hardwired in test bench. Undefined values will be read from PIO inputs during simulation.
Info: Lab2.sysid_qsys_0: System ID is not assigned automatically. Edit the System ID parameter to provide a unique ID
Info: Lab2.sysid_qsys_0: Time stamp will be automatically updated when this component is generated.
Info: qsys-generate succeeded.
Info: Finished: Create block symbol file (.bsf)
Info: 
Info: Starting: Create HDL design files for synthesis
Info: qsys-generate C:\InformationProcessingLabs\lab2\Lab2\Lab2.qsys --synthesis=VERILOG --output-directory=C:\InformationProcessingLabs\lab2\Lab2\synthesis --family="MAX 10" --part=10M50DAF484C7G
Progress: Loading Lab2/Lab2.qsys
Progress: Reading input file
Progress: Adding button [altera_avalon_pio 18.1]
Progress: Parameterizing module button
Progress: Adding clk [clock_source 18.1]
Progress: Parameterizing module clk
Progress: Adding cpu [altera_nios2_gen2 18.1]
Progress: Parameterizing module cpu
Progress: Adding hex0 [altera_avalon_pio 18.1]
Progress: Parameterizing module hex0
Progress: Adding hex_1 [altera_avalon_pio 18.1]
Progress: Parameterizing module hex_1
Progress: Adding hex_2 [altera_avalon_pio 18.1]
Progress: Parameterizing module hex_2
Progress: Adding hex_3 [altera_avalon_pio 18.1]
Progress: Parameterizing module hex_3
Progress: Adding hex_4 [altera_avalon_pio 18.1]
Progress: Parameterizing module hex_4
Progress: Adding hex_5 [altera_avalon_pio 18.1]
Progress: Parameterizing module hex_5
Progress: Adding jtag_uart [altera_avalon_jtag_uart 18.1]
Progress: Parameterizing module jtag_uart
Progress: Adding led [altera_avalon_pio 18.1]
Progress: Parameterizing module led
Progress: Adding onchip_memory [altera_avalon_onchip_memory2 18.1]
Progress: Parameterizing module onchip_memory
Progress: Adding switch [altera_avalon_pio 18.1]
Progress: Parameterizing module switch
Progress: Adding sysid_qsys_0 [altera_avalon_sysid_qsys 18.1]
Progress: Parameterizing module sysid_qsys_0
Progress: Building connections
Progress: Parameterizing connections
Progress: Validating
Progress: Done reading input file
Info: Lab2.button: PIO inputs are not hardwired in test bench. Undefined values will be read from PIO inputs during simulation.
Info: Lab2.jtag_uart: JTAG UART IP input clock need to be at least double (2x) the operating frequency of JTAG TCK on board
Info: Lab2.switch: PIO inputs are not hardwired in test bench. Undefined values will be read from PIO inputs during simulation.
Info: Lab2.sysid_qsys_0: System ID is not assigned automatically. Edit the System ID parameter to provide a unique ID
Info: Lab2.sysid_qsys_0: Time stamp will be automatically updated when this component is generated.
Info: Lab2: Generating Lab2 "Lab2" for QUARTUS_SYNTH
Info: button: Starting RTL generation for module 'Lab2_button'
Info: button:   Generation command is [exec C:/intelfpga_lite/18.1/quartus/bin64/perl/bin/perl.exe -I C:/intelfpga_lite/18.1/quartus/bin64/perl/lib -I C:/intelfpga_lite/18.1/quartus/sopc_builder/bin/europa -I C:/intelfpga_lite/18.1/quartus/sopc_builder/bin/perl_lib -I C:/intelfpga_lite/18.1/quartus/sopc_builder/bin -I C:/intelfpga_lite/18.1/quartus/../ip/altera/sopc_builder_ip/common -I C:/intelfpga_lite/18.1/quartus/../ip/altera/sopc_builder_ip/altera_avalon_pio -- C:/intelfpga_lite/18.1/quartus/../ip/altera/sopc_builder_ip/altera_avalon_pio/generate_rtl.pl --name=Lab2_button --dir=C:/Users/theod/AppData/Local/Temp/alt0119_6772521356002335397.dir/0002_button_gen/ --quartus_dir=C:/intelfpga_lite/18.1/quartus --verilog --config=C:/Users/theod/AppData/Local/Temp/alt0119_6772521356002335397.dir/0002_button_gen//Lab2_button_component_configuration.pl  --do_build_sim=0  ]
Info: button: Done RTL generation for module 'Lab2_button'
Info: button: "Lab2" instantiated altera_avalon_pio "button"
Info: cpu: "Lab2" instantiated altera_nios2_gen2 "cpu"
Info: hex0: Starting RTL generation for module 'Lab2_hex0'
Info: hex0:   Generation command is [exec C:/intelfpga_lite/18.1/quartus/bin64/perl/bin/perl.exe -I C:/intelfpga_lite/18.1/quartus/bin64/perl/lib -I C:/intelfpga_lite/18.1/quartus/sopc_builder/bin/europa -I C:/intelfpga_lite/18.1/quartus/sopc_builder/bin/perl_lib -I C:/intelfpga_lite/18.1/quartus/sopc_builder/bin -I C:/intelfpga_lite/18.1/quartus/../ip/altera/sopc_builder_ip/common -I C:/intelfpga_lite/18.1/quartus/../ip/altera/sopc_builder_ip/altera_avalon_pio -- C:/intelfpga_lite/18.1/quartus/../ip/altera/sopc_builder_ip/altera_avalon_pio/generate_rtl.pl --name=Lab2_hex0 --dir=C:/Users/theod/AppData/Local/Temp/alt0119_6772521356002335397.dir/0003_hex0_gen/ --quartus_dir=C:/intelfpga_lite/18.1/quartus --verilog --config=C:/Users/theod/AppData/Local/Temp/alt0119_6772521356002335397.dir/0003_hex0_gen//Lab2_hex0_component_configuration.pl  --do_build_sim=0  ]
Info: hex0: Done RTL generation for module 'Lab2_hex0'
Info: hex0: "Lab2" instantiated altera_avalon_pio "hex0"
Info: jtag_uart: Starting RTL generation for module 'Lab2_jtag_uart'
Info: jtag_uart:   Generation command is [exec C:/intelfpga_lite/18.1/quartus/bin64/perl/bin/perl.exe -I C:/intelfpga_lite/18.1/quartus/bin64/perl/lib -I C:/intelfpga_lite/18.1/quartus/sopc_builder/bin/europa -I C:/intelfpga_lite/18.1/quartus/sopc_builder/bin/perl_lib -I C:/intelfpga_lite/18.1/quartus/sopc_builder/bin -I C:/intelfpga_lite/18.1/quartus/../ip/altera/sopc_builder_ip/common -I C:/intelfpga_lite/18.1/quartus/../ip/altera/sopc_builder_ip/altera_avalon_jtag_uart -- C:/intelfpga_lite/18.1/quartus/../ip/altera/sopc_builder_ip/altera_avalon_jtag_uart/generate_rtl.pl --name=Lab2_jtag_uart --dir=C:/Users/theod/AppData/Local/Temp/alt0119_6772521356002335397.dir/0004_jtag_uart_gen/ --quartus_dir=C:/intelfpga_lite/18.1/quartus --verilog --config=C:/Users/theod/AppData/Local/Temp/alt0119_6772521356002335397.dir/0004_jtag_uart_gen//Lab2_jtag_uart_component_configuration.pl  --do_build_sim=0  ]
Info: jtag_uart: Done RTL generation for module 'Lab2_jtag_uart'
Info: jtag_uart: "Lab2" instantiated altera_avalon_jtag_uart "jtag_uart"
Info: led: Starting RTL generation for module 'Lab2_led'
Info: led:   Generation command is [exec C:/intelfpga_lite/18.1/quartus/bin64/perl/bin/perl.exe -I C:/intelfpga_lite/18.1/quartus/bin64/perl/lib -I C:/intelfpga_lite/18.1/quartus/sopc_builder/bin/europa -I C:/intelfpga_lite/18.1/quartus/sopc_builder/bin/perl_lib -I C:/intelfpga_lite/18.1/quartus/sopc_builder/bin -I C:/intelfpga_lite/18.1/quartus/../ip/altera/sopc_builder_ip/common -I C:/intelfpga_lite/18.1/quartus/../ip/altera/sopc_builder_ip/altera_avalon_pio -- C:/intelfpga_lite/18.1/quartus/../ip/altera/sopc_builder_ip/altera_avalon_pio/generate_rtl.pl --name=Lab2_led --dir=C:/Users/theod/AppData/Local/Temp/alt0119_6772521356002335397.dir/0005_led_gen/ --quartus_dir=C:/intelfpga_lite/18.1/quartus --verilog --config=C:/Users/theod/AppData/Local/Temp/alt0119_6772521356002335397.dir/0005_led_gen//Lab2_led_component_configuration.pl  --do_build_sim=0  ]
Info: led: Done RTL generation for module 'Lab2_led'
Info: led: "Lab2" instantiated altera_avalon_pio "led"
Info: onchip_memory: Starting RTL generation for module 'Lab2_onchip_memory'
Info: onchip_memory:   Generation command is [exec C:/intelfpga_lite/18.1/quartus/bin64/perl/bin/perl.exe -I C:/intelfpga_lite/18.1/quartus/bin64/perl/lib -I C:/intelfpga_lite/18.1/quartus/sopc_builder/bin/europa -I C:/intelfpga_lite/18.1/quartus/sopc_builder/bin/perl_lib -I C:/intelfpga_lite/18.1/quartus/sopc_builder/bin -I C:/intelfpga_lite/18.1/quartus/../ip/altera/sopc_builder_ip/common -I C:/intelfpga_lite/18.1/quartus/../ip/altera/sopc_builder_ip/altera_avalon_onchip_memory2 -- C:/intelfpga_lite/18.1/quartus/../ip/altera/sopc_builder_ip/altera_avalon_onchip_memory2/generate_rtl.pl --name=Lab2_onchip_memory --dir=C:/Users/theod/AppData/Local/Temp/alt0119_6772521356002335397.dir/0006_onchip_memory_gen/ --quartus_dir=C:/intelfpga_lite/18.1/quartus --verilog --config=C:/Users/theod/AppData/Local/Temp/alt0119_6772521356002335397.dir/0006_onchip_memory_gen//Lab2_onchip_memory_component_configuration.pl  --do_build_sim=0  ]
Info: onchip_memory: Done RTL generation for module 'Lab2_onchip_memory'
Info: onchip_memory: "Lab2" instantiated altera_avalon_onchip_memory2 "onchip_memory"
Info: switch: Starting RTL generation for module 'Lab2_switch'
Info: switch:   Generation command is [exec C:/intelfpga_lite/18.1/quartus/bin64/perl/bin/perl.exe -I C:/intelfpga_lite/18.1/quartus/bin64/perl/lib -I C:/intelfpga_lite/18.1/quartus/sopc_builder/bin/europa -I C:/intelfpga_lite/18.1/quartus/sopc_builder/bin/perl_lib -I C:/intelfpga_lite/18.1/quartus/sopc_builder/bin -I C:/intelfpga_lite/18.1/quartus/../ip/altera/sopc_builder_ip/common -I C:/intelfpga_lite/18.1/quartus/../ip/altera/sopc_builder_ip/altera_avalon_pio -- C:/intelfpga_lite/18.1/quartus/../ip/altera/sopc_builder_ip/altera_avalon_pio/generate_rtl.pl --name=Lab2_switch --dir=C:/Users/theod/AppData/Local/Temp/alt0119_6772521356002335397.dir/0007_switch_gen/ --quartus_dir=C:/intelfpga_lite/18.1/quartus --verilog --config=C:/Users/theod/AppData/Local/Temp/alt0119_6772521356002335397.dir/0007_switch_gen//Lab2_switch_component_configuration.pl  --do_build_sim=0  ]
Info: switch: Done RTL generation for module 'Lab2_switch'
Info: switch: "Lab2" instantiated altera_avalon_pio "switch"
Info: sysid_qsys_0: "Lab2" instantiated altera_avalon_sysid_qsys "sysid_qsys_0"
Info: avalon_st_adapter: Inserting error_adapter: error_adapter_0
Info: avalon_st_adapter_001: Inserting error_adapter: error_adapter_0
Info: avalon_st_adapter_002: Inserting error_adapter: error_adapter_0
Info: avalon_st_adapter_003: Inserting error_adapter: error_adapter_0
Info: avalon_st_adapter_004: Inserting error_adapter: error_adapter_0
Info: avalon_st_adapter_005: Inserting error_adapter: error_adapter_0
Info: avalon_st_adapter_006: Inserting error_adapter: error_adapter_0
Info: avalon_st_adapter_007: Inserting error_adapter: error_adapter_0
Info: avalon_st_adapter_008: Inserting error_adapter: error_adapter_0
Info: avalon_st_adapter_009: Inserting error_adapter: error_adapter_0
Info: avalon_st_adapter_010: Inserting error_adapter: error_adapter_0
Info: avalon_st_adapter_011: Inserting error_adapter: error_adapter_0
Info: avalon_st_adapter_012: Inserting error_adapter: error_adapter_0
Info: mm_interconnect_0: "Lab2" instantiated altera_mm_interconnect "mm_interconnect_0"
Info: irq_mapper: "Lab2" instantiated altera_irq_mapper "irq_mapper"
Info: rst_controller: "Lab2" instantiated altera_reset_controller "rst_controller"
Info: cpu: Starting RTL generation for module 'Lab2_cpu_cpu'
Info: cpu:   Generation command is [exec C:/intelFPGA_lite/18.1/quartus/bin64//eperlcmd.exe -I C:/intelFPGA_lite/18.1/quartus/bin64//perl/lib -I C:/intelfpga_lite/18.1/quartus/sopc_builder/bin/europa -I C:/intelfpga_lite/18.1/quartus/sopc_builder/bin/perl_lib -I C:/intelfpga_lite/18.1/quartus/sopc_builder/bin -I C:/intelfpga_lite/18.1/quartus/../ip/altera/nios2_ip/altera_nios2_gen2/cpu_lib -I C:/intelfpga_lite/18.1/quartus/../ip/altera/nios2_ip/altera_nios2_gen2/nios_lib -I C:/intelfpga_lite/18.1/quartus/../ip/altera/nios2_ip/altera_nios2_gen2 -I C:/intelfpga_lite/18.1/quartus/../ip/altera/nios2_ip/altera_nios2_gen2 -- C:/intelfpga_lite/18.1/quartus/../ip/altera/nios2_ip/altera_nios2_gen2/generate_rtl.epl --name=Lab2_cpu_cpu --dir=C:/Users/theod/AppData/Local/Temp/alt0119_6772521356002335397.dir/0011_cpu_gen/ --quartus_bindir=C:/intelFPGA_lite/18.1/quartus/bin64/ --verilog --config=C:/Users/theod/AppData/Local/Temp/alt0119_6772521356002335397.dir/0011_cpu_gen//Lab2_cpu_cpu_processor_configuration.pl  --do_build_sim=0  ]
Info: cpu: # 2025.01.31 15:29:17 (*) Starting Nios II generation
Info: cpu: # 2025.01.31 15:29:17 (*)   Checking for plaintext license.
Info: cpu: # 2025.01.31 15:29:19 (*)   Couldn't query license setup in Quartus directory C:/intelFPGA_lite/18.1/quartus/bin64/
Info: cpu: # 2025.01.31 15:29:19 (*)   Defaulting to contents of LM_LICENSE_FILE environment variable
Info: cpu: # 2025.01.31 15:29:19 (*)   LM_LICENSE_FILE environment variable is empty
Info: cpu: # 2025.01.31 15:29:19 (*)   Plaintext license not found.
Info: cpu: # 2025.01.31 15:29:19 (*)   No license required to generate encrypted Nios II/e.
Info: cpu: # 2025.01.31 15:29:19 (*)   Elaborating CPU configuration settings
Info: cpu: # 2025.01.31 15:29:19 (*)   Creating all objects for CPU
Info: cpu: # 2025.01.31 15:29:20 (*)   Generating RTL from CPU objects
Info: cpu: # 2025.01.31 15:29:20 (*)   Creating plain-text RTL
Info: cpu: # 2025.01.31 15:29:20 (*) Done Nios II generation
Info: cpu: Done RTL generation for module 'Lab2_cpu_cpu'
Info: cpu: "cpu" instantiated altera_nios2_gen2_unit "cpu"
Info: cpu_data_master_translator: "mm_interconnect_0" instantiated altera_merlin_master_translator "cpu_data_master_translator"
Info: jtag_uart_avalon_jtag_slave_translator: "mm_interconnect_0" instantiated altera_merlin_slave_translator "jtag_uart_avalon_jtag_slave_translator"
Info: cpu_data_master_agent: "mm_interconnect_0" instantiated altera_merlin_master_agent "cpu_data_master_agent"
Info: jtag_uart_avalon_jtag_slave_agent: "mm_interconnect_0" instantiated altera_merlin_slave_agent "jtag_uart_avalon_jtag_slave_agent"
Info: jtag_uart_avalon_jtag_slave_agent_rsp_fifo: "mm_interconnect_0" instantiated altera_avalon_sc_fifo "jtag_uart_avalon_jtag_slave_agent_rsp_fifo"
Info: router: "mm_interconnect_0" instantiated altera_merlin_router "router"
Info: router_001: "mm_interconnect_0" instantiated altera_merlin_router "router_001"
Info: router_002: "mm_interconnect_0" instantiated altera_merlin_router "router_002"
Info: router_004: "mm_interconnect_0" instantiated altera_merlin_router "router_004"
Info: cmd_demux: "mm_interconnect_0" instantiated altera_merlin_demultiplexer "cmd_demux"
Info: cmd_demux_001: "mm_interconnect_0" instantiated altera_merlin_demultiplexer "cmd_demux_001"
Info: cmd_mux: "mm_interconnect_0" instantiated altera_merlin_multiplexer "cmd_mux"
Info: cmd_mux_002: "mm_interconnect_0" instantiated altera_merlin_multiplexer "cmd_mux_002"
Info: Reusing file C:/InformationProcessingLabs/lab2/Lab2/synthesis/submodules/altera_merlin_arbitrator.sv
Info: rsp_demux: "mm_interconnect_0" instantiated altera_merlin_demultiplexer "rsp_demux"
Info: rsp_mux: "mm_interconnect_0" instantiated altera_merlin_multiplexer "rsp_mux"
Info: Reusing file C:/InformationProcessingLabs/lab2/Lab2/synthesis/submodules/altera_merlin_arbitrator.sv
Info: rsp_mux_001: "mm_interconnect_0" instantiated altera_merlin_multiplexer "rsp_mux_001"
Info: Reusing file C:/InformationProcessingLabs/lab2/Lab2/synthesis/submodules/altera_merlin_arbitrator.sv
Info: avalon_st_adapter: "mm_interconnect_0" instantiated altera_avalon_st_adapter "avalon_st_adapter"
Info: error_adapter_0: "avalon_st_adapter" instantiated error_adapter "error_adapter_0"
Info: Lab2: Done "Lab2" with 31 modules, 43 files
Info: qsys-generate succeeded.
Info: Finished: Create HDL design files for synthesis
